Using pre-set license
Built from '2022.3/staging' branch; Version is '2022.3.19f1 (244b723c30a6) revision 2378610'; Using compiler version '192829333'; Build Type 'Release'
OS: 'Windows 11  (10.0.26100) 64bit Core' Language: 'en' Physical Memory: 32438 MB
BatchMode: 1, IsHumanControllingUs: 0, StartBugReporterOnCrash: 0, Is64bit: 1, IsPro: 1

COMMAND LINE ARGUMENTS:
C:\Program Files\Unity\Hub\Editor\2022.3.19f1\Editor\Unity.exe
-adb2
-batchMode
-noUpm
-name
AssetImportWorker4
-projectPath
C:/Users/velli/Downloads/ModelingSimulation2/DigitalFootprintPHP/DigitalFootprint
-logFile
Logs/AssetImportWorker4.log
-srvPort
62633
Successfully changed project path to: C:/Users/velli/Downloads/ModelingSimulation2/DigitalFootprintPHP/DigitalFootprint
C:/Users/velli/Downloads/ModelingSimulation2/DigitalFootprintPHP/DigitalFootprint
[UnityMemory] Configuration Parameters - Can be set up in boot.config
    "memorysetup-bucket-allocator-granularity=16"
    "memorysetup-bucket-allocator-bucket-count=8"
    "memorysetup-bucket-allocator-block-size=33554432"
    "memorysetup-bucket-allocator-block-count=8"
    "memorysetup-main-allocator-block-size=16777216"
    "memorysetup-thread-allocator-block-size=16777216"
    "memorysetup-gfx-main-allocator-block-size=16777216"
    "memorysetup-gfx-thread-allocator-block-size=16777216"
    "memorysetup-cache-allocator-block-size=4194304"
    "memorysetup-typetree-allocator-block-size=2097152"
    "memorysetup-profiler-bucket-allocator-granularity=16"
    "memorysetup-profiler-bucket-allocator-bucket-count=8"
    "memorysetup-profiler-bucket-allocator-block-size=33554432"
    "memorysetup-profiler-bucket-allocator-block-count=8"
    "memorysetup-profiler-allocator-block-size=16777216"
    "memorysetup-profiler-editor-allocator-block-size=1048576"
    "memorysetup-temp-allocator-size-main=16777216"
    "memorysetup-job-temp-allocator-block-size=2097152"
    "memorysetup-job-temp-allocator-block-size-background=1048576"
    "memorysetup-job-temp-allocator-reduction-small-platforms=262144"
    "memorysetup-allocator-temp-initial-block-size-main=262144"
    "memorysetup-allocator-temp-initial-block-size-worker=262144"
    "memorysetup-temp-allocator-size-background-worker=32768"
    "memorysetup-temp-allocator-size-job-worker=262144"
    "memorysetup-temp-allocator-size-preload-manager=33554432"
    "memorysetup-temp-allocator-size-nav-mesh-worker=65536"
    "memorysetup-temp-allocator-size-audio-worker=65536"
    "memorysetup-temp-allocator-size-cloud-worker=32768"
    "memorysetup-temp-allocator-size-gi-baking-worker=262144"
    "memorysetup-temp-allocator-size-gfx=262144"
Player connection [49952] Host "[IP] 172.30.125.74 [Port] 0 [Flags] 2 [Guid] 1939695889 [EditorId] 1939695889 [Version] 1048832 [Id] WindowsEditor(7,AllenWar) [Debug] 1 [PackageName] WindowsEditor [ProjectName] Editor" joined multi-casting on [225.0.0.222:54997]...

Player connection [49952] Host "[IP] 172.30.125.74 [Port] 0 [Flags] 2 [Guid] 1939695889 [EditorId] 1939695889 [Version] 1048832 [Id] WindowsEditor(7,AllenWar) [Debug] 1 [PackageName] WindowsEditor [ProjectName] Editor" joined alternative multi-casting on [225.0.0.222:34997]...

[Physics::Module] Initialized MultithreadedJobDispatcher with 19 workers.
Refreshing native plugins compatible for Editor in 44.43 ms, found 3 plugins.
Preloading 0 native plugins for Editor in 0.00 ms.
Initialize engine version: 2022.3.19f1 (244b723c30a6)
[Subsystems] Discovering subsystems at path C:/Program Files/Unity/Hub/Editor/2022.3.19f1/Editor/Data/Resources/UnitySubsystems
[Subsystems] Discovering subsystems at path C:/Users/velli/Downloads/ModelingSimulation2/DigitalFootprintPHP/DigitalFootprint/Assets
GfxDevice: creating device client; threaded=0; jobified=0
Direct3D:
    Version:  Direct3D 11.0 [level 11.1]
    Renderer: NVIDIA GeForce RTX 3060 Laptop GPU (ID=0x2560)
    Vendor:   NVIDIA
    VRAM:     5996 MB
    Driver:   32.0.15.5612
Initialize mono
Mono path[0] = 'C:/Program Files/Unity/Hub/Editor/2022.3.19f1/Editor/Data/Managed'
Mono path[1] = 'C:/Program Files/Unity/Hub/Editor/2022.3.19f1/Editor/Data/MonoBleedingEdge/lib/mono/unityjit-win32'
Mono config path = 'C:/Program Files/Unity/Hub/Editor/2022.3.19f1/Editor/Data/MonoBleedingEdge/etc'
Using monoOptions --debugger-agent=transport=dt_socket,embedding=1,server=y,suspend=n,address=127.0.0.1:56864
Begin MonoManager ReloadAssembly
Registering precompiled unity dll's ...
Register platform support module: C:/Program Files/Unity/Hub/Editor/2022.3.19f1/Editor/Data/PlaybackEngines/WebGLSupport/UnityEditor.WebGL.Extensions.dll
Register platform support module: C:/Program Files/Unity/Hub/Editor/2022.3.19f1/Editor/Data/PlaybackEngines/WindowsStandaloneSupport/UnityEditor.WindowsStandalone.Extensions.dll
Registered in 0.016008 seconds.
- Loaded All Assemblies, in  0.445 seconds
Native extension for WindowsStandalone target not found
Native extension for WebGL target not found
Mono: successfully reloaded assembly
- Finished resetting the current domain, in  0.239 seconds
Domain Reload Profiling: 682ms
	BeginReloadAssembly (199ms)
		ExecutionOrderSort (0ms)
		DisableScriptedObjects (0ms)
		BackupInstance (0ms)
		ReleaseScriptingObjects (0ms)
		CreateAndSetChildDomain (1ms)
	RebuildCommonClasses (34ms)
	RebuildNativeTypeToScriptingClass (8ms)
	initialDomainReloadingComplete (61ms)
	LoadAllAssembliesAndSetupDomain (141ms)
		LoadAssemblies (202ms)
		RebuildTransferFunctionScriptingTraits (0ms)
		AnalyzeDomain (134ms)
			TypeCache.Refresh (132ms)
				TypeCache.ScanAssembly (118ms)
			ScanForSourceGeneratedMonoScriptInfo (1ms)
			ResolveRequiredComponents (1ms)
	FinalizeReload (240ms)
		ReleaseScriptCaches (0ms)
		RebuildScriptCaches (0ms)
		SetupLoadedEditorAssemblies (189ms)
			LogAssemblyErrors (0ms)
			InitializePlatformSupportModulesInManaged (10ms)
			SetLoadedEditorAssemblies (4ms)
			RefreshPlugins (0ms)
			BeforeProcessingInitializeOnLoad (2ms)
			ProcessInitializeOnLoadAttributes (131ms)
			ProcessInitializeOnLoadMethodAttributes (42ms)
			AfterProcessingInitializeOnLoad (0ms)
			EditorAssembliesLoaded (0ms)
		ExecutionOrderSort2 (0ms)
		AwakeInstancesAfterBackupRestoration (0ms)
========================================================================
Worker process is ready to serve import requests
Begin MonoManager ReloadAssembly
- Loaded All Assemblies, in  0.707 seconds
Refreshing native plugins compatible for Editor in 23.37 ms, found 3 plugins.
Native extension for WindowsStandalone target not found
Native extension for WebGL target not found
Mono: successfully reloaded assembly
- Finished resetting the current domain, in  0.414 seconds
Domain Reload Profiling: 1118ms
	BeginReloadAssembly (179ms)
		ExecutionOrderSort (0ms)
		DisableScriptedObjects (4ms)
		BackupInstance (0ms)
		ReleaseScriptingObjects (0ms)
		CreateAndSetChildDomain (17ms)
	RebuildCommonClasses (30ms)
	RebuildNativeTypeToScriptingClass (7ms)
	initialDomainReloadingComplete (42ms)
	LoadAllAssembliesAndSetupDomain (446ms)
		LoadAssemblies (436ms)
		RebuildTransferFunctionScriptingTraits (0ms)
		AnalyzeDomain (142ms)
			TypeCache.Refresh (128ms)
				TypeCache.ScanAssembly (114ms)
			ScanForSourceGeneratedMonoScriptInfo (10ms)
			ResolveRequiredComponents (3ms)
	FinalizeReload (414ms)
		ReleaseScriptCaches (0ms)
		RebuildScriptCaches (0ms)
		SetupLoadedEditorAssemblies (310ms)
			LogAssemblyErrors (0ms)
			InitializePlatformSupportModulesInManaged (6ms)
			SetLoadedEditorAssemblies (2ms)
			RefreshPlugins (0ms)
			BeforeProcessingInitializeOnLoad (45ms)
			ProcessInitializeOnLoadAttributes (233ms)
			ProcessInitializeOnLoadMethodAttributes (17ms)
			AfterProcessingInitializeOnLoad (6ms)
			EditorAssembliesLoaded (0ms)
		ExecutionOrderSort2 (0ms)
		AwakeInstancesAfterBackupRestoration (5ms)
Launched and connected shader compiler UnityShaderCompiler.exe after 0.08 seconds
Refreshing native plugins compatible for Editor in 15.68 ms, found 3 plugins.
Preloading 0 native plugins for Editor in 0.00 ms.
Unloading 3124 Unused Serialized files (Serialized files now loaded: 0)
Unloading 30 unused Assets / (57.0 KB). Loaded Objects now: 3586.
Memory consumption went from 123.7 MB to 123.6 MB.
Total: 2.708200 ms (FindLiveObjects: 0.173300 ms CreateObjectMapping: 0.081000 ms MarkObjects: 2.350600 ms  DeleteObjects: 0.102000 ms)

AssetImportParameters requested are different than current active one (requested -> active):
  custom:container-demuxer-ogg: 62fdf1f143b41e24485cea50d1cbac27 -> 
  custom:video-codec-MediaFoundation-h265: 746d11721c4dcdbdad8f713fa42b33f4 -> 
  custom:video-decoder-ogg-theora: a1e56fd34408186e4bbccfd4996cb3dc -> 
  custom:framework-win-MediaFoundation: 216162199b28c13a410421893ffa2e32 -> 
  custom:CustomObjectIndexerAttribute: 6d391050e5a25f67b0a2c618074f2cd9 -> 
  custom:container-demuxer-webm: 4f35f7cbe854078d1ac9338744f61a02 -> 
  custom:container-muxer-webm: aa71ff27fc2769a1b78a27578f13a17b -> 
  custom:video-decoder-webm-vp8: 9c59270c3fd7afecdb556c50c9e8de78 -> 
  custom:SearchIndexIgnoredProperties: e643bd26f0fe6173181afceb89e7c659 -> 
  custom:AudioImporter_EditorPlatform: d09bf68614088b80899f8185d706f6e7 -> 
  custom:video-encoder-webm-vp8: eb34c28f22e8b96e1ab97ce403110664 -> 
  custom:audio-decoder-ogg-vorbis: bf7c407c2cedff20999df2af8eb42d56 -> 
  custom:audio-encoder-webm-vorbis: bf7c407c2cedff20999df2af8eb42d56 -> 
========================================================================
Received Import Request.
  Time since last request: 333869.761408 seconds.
  path: Assets/Pinky UI/Progress_Bar
  artifactKey: Guid(45923f07cc223824f82a62cad515c66f) Importer(815301076,1909f56bfc062723c751e8b465ee728b)
Start importing Assets/Pinky UI/Progress_Bar using Guid(45923f07cc223824f82a62cad515c66f) Importer(815301076,1909f56bfc062723c751e8b465ee728b)  -> (artifact id: '10ab14e2e957ed491012451d85c17abc') in 0.002929 seconds
Number of updated asset objects reloaded before import = 0
Number of asset objects unloaded after import = 0
========================================================================
Received Import Request.
  Time since last request: 0.099032 seconds.
  path: Assets/Pinky UI/Progress_Bar/Progress_Bar_Background_Blue.png
  artifactKey: Guid(4f972257c494abb4eb5338b552c0e9a8) Importer(815301076,1909f56bfc062723c751e8b465ee728b)
Start importing Assets/Pinky UI/Progress_Bar/Progress_Bar_Background_Blue.png using Guid(4f972257c494abb4eb5338b552c0e9a8) Importer(815301076,1909f56bfc062723c751e8b465ee728b)  -> (artifact id: 'b44f60bdb19b6eb84098bf6c75fb86bf') in 0.080644 seconds
Number of updated asset objects reloaded before import = 0
Number of asset objects unloaded after import = 3
========================================================================
Received Import Request.
  Time since last request: 1.925229 seconds.
  path: Assets/Pinky UI/Buttons
  artifactKey: Guid(c225726b8ca48e64486f9ae5365798e9) Importer(815301076,1909f56bfc062723c751e8b465ee728b)
Start importing Assets/Pinky UI/Buttons using Guid(c225726b8ca48e64486f9ae5365798e9) Importer(815301076,1909f56bfc062723c751e8b465ee728b)  -> (artifact id: '0c789d29a5d03d984cdb138a2fea8053') in 0.000480 seconds
Number of updated asset objects reloaded before import = 0
Number of asset objects unloaded after import = 0
========================================================================
Received Import Request.
  Time since last request: 0.722293 seconds.
  path: Assets/Pinky UI/Buttons/Oval_Rectangle
  artifactKey: Guid(147b8172025a9e44b90f3ddeda6621c6) Importer(815301076,1909f56bfc062723c751e8b465ee728b)
Start importing Assets/Pinky UI/Buttons/Oval_Rectangle using Guid(147b8172025a9e44b90f3ddeda6621c6) Importer(815301076,1909f56bfc062723c751e8b465ee728b)  -> (artifact id: '1c5a76e5f0b3c52b8d2bed50b1db7eac') in 0.000448 seconds
Number of updated asset objects reloaded before import = 0
Number of asset objects unloaded after import = 0
========================================================================
Received Import Request.
  Time since last request: 0.088601 seconds.
  path: Assets/Pinky UI/Buttons/Oval_Rectangle/Button_Oval_Rectangle_Blue.png
  artifactKey: Guid(5c496139447c40d46ae3cbcda9c82b4a) Importer(815301076,1909f56bfc062723c751e8b465ee728b)
Start importing Assets/Pinky UI/Buttons/Oval_Rectangle/Button_Oval_Rectangle_Blue.png using Guid(5c496139447c40d46ae3cbcda9c82b4a) Importer(815301076,1909f56bfc062723c751e8b465ee728b)  -> (artifact id: '004c618f9a0937736b1933a6007cbd92') in 0.023756 seconds
Number of updated asset objects reloaded before import = 0
Number of asset objects unloaded after import = 3
========================================================================
Received Import Request.
  Time since last request: 1.530199 seconds.
  path: Assets/Pinky UI/Buttons/Round
  artifactKey: Guid(81e8e1dd23f97754d9ea6f02902f1829) Importer(815301076,1909f56bfc062723c751e8b465ee728b)
Start importing Assets/Pinky UI/Buttons/Round using Guid(81e8e1dd23f97754d9ea6f02902f1829) Importer(815301076,1909f56bfc062723c751e8b465ee728b)  -> (artifact id: '1ad7e3349c40e07697a3dc509615d5e2') in 0.000665 seconds
Number of updated asset objects reloaded before import = 0
Number of asset objects unloaded after import = 0
========================================================================
Received Import Request.
  Time since last request: 0.096961 seconds.
  path: Assets/Pinky UI/Buttons/Round/Button_Round_Blue.png
  artifactKey: Guid(8caff66cbf3895c4bb3c9b3ab0e0fc53) Importer(815301076,1909f56bfc062723c751e8b465ee728b)
Start importing Assets/Pinky UI/Buttons/Round/Button_Round_Blue.png using Guid(8caff66cbf3895c4bb3c9b3ab0e0fc53) Importer(815301076,1909f56bfc062723c751e8b465ee728b)  -> (artifact id: '423ec7e0096095338c64cc62ad2939c7') in 0.022563 seconds
Number of updated asset objects reloaded before import = 0
Number of asset objects unloaded after import = 3
========================================================================
Received Import Request.
  Time since last request: 2.320017 seconds.
  path: Assets/Pinky UI/Checkboxes
  artifactKey: Guid(2abd35e38c8a15746bd31e0993e191cc) Importer(815301076,1909f56bfc062723c751e8b465ee728b)
Start importing Assets/Pinky UI/Checkboxes using Guid(2abd35e38c8a15746bd31e0993e191cc) Importer(815301076,1909f56bfc062723c751e8b465ee728b)  -> (artifact id: '07a63f2a8f0e9aa8323bb2801a604358') in 0.000456 seconds
Number of updated asset objects reloaded before import = 0
Number of asset objects unloaded after import = 0
========================================================================
Received Import Request.
  Time since last request: 0.098233 seconds.
  path: Assets/Pinky UI/Checkboxes/Checkbox_Round_Checkmark_Blue.png
  artifactKey: Guid(3d1a3371d48a0a1488b5e0b6efb4770b) Importer(815301076,1909f56bfc062723c751e8b465ee728b)
Start importing Assets/Pinky UI/Checkboxes/Checkbox_Round_Checkmark_Blue.png using Guid(3d1a3371d48a0a1488b5e0b6efb4770b) Importer(815301076,1909f56bfc062723c751e8b465ee728b)  -> (artifact id: 'ed52ba8ff0092e6b0c6dc256cc20fc4b') in 0.024767 seconds
Number of updated asset objects reloaded before import = 0
Number of asset objects unloaded after import = 3
========================================================================
Received Import Request.
  Time since last request: 7.127079 seconds.
  path: Assets/Pinky UI/Radio_Button
  artifactKey: Guid(475af21ef0960b442acc84cf57faad4b) Importer(815301076,1909f56bfc062723c751e8b465ee728b)
Start importing Assets/Pinky UI/Radio_Button using Guid(475af21ef0960b442acc84cf57faad4b) Importer(815301076,1909f56bfc062723c751e8b465ee728b)  -> (artifact id: 'bf62ff4dfec8d572ac0c2591b51a47c2') in 0.000467 seconds
Number of updated asset objects reloaded before import = 0
Number of asset objects unloaded after import = 0
========================================================================
Received Import Request.
  Time since last request: 0.103879 seconds.
  path: Assets/Pinky UI/Radio_Button/Radio_Button_Empty_Blue.png
  artifactKey: Guid(b5b8a8ce5071b5b49b2e2130908a0773) Importer(815301076,1909f56bfc062723c751e8b465ee728b)
Start importing Assets/Pinky UI/Radio_Button/Radio_Button_Empty_Blue.png using Guid(b5b8a8ce5071b5b49b2e2130908a0773) Importer(815301076,1909f56bfc062723c751e8b465ee728b)  -> (artifact id: '5923ff4e32f2064b623e6f21e2c50225') in 0.026055 seconds
Number of updated asset objects reloaded before import = 0
Number of asset objects unloaded after import = 3
Editor requested this worker to shutdown with reason: Scaling down because of idle timeout
TcpMessagingSession - receive error: operation aborted. errorcode: 995, details: The I/O operation has been aborted because of either a thread exit or an application request.
AssetImportWorker is now disconnected from the server
Process exiting
Exiting without the bug reporter. Application will terminate with return code 0