Using pre-set license
Built from '2022.3/staging' branch; Version is '2022.3.19f1 (244b723c30a6) revision 2378610'; Using compiler version '192829333'; Build Type 'Release'
OS: 'Windows 11  (10.0.26100) 64bit Core' Language: 'en' Physical Memory: 32438 MB
BatchMode: 1, IsHumanControllingUs: 0, StartBugReporterOnCrash: 0, Is64bit: 1, IsPro: 1

COMMAND LINE ARGUMENTS:
C:\Program Files\Unity\Hub\Editor\2022.3.19f1\Editor\Unity.exe
-adb2
-batchMode
-noUpm
-name
AssetImportWorker2
-projectPath
C:/Users/velli/Downloads/ModelingSimulation2/DigitalFootprintPHP/DigitalFootprint
-logFile
Logs/AssetImportWorker2.log
-srvPort
62633
Successfully changed project path to: C:/Users/velli/Downloads/ModelingSimulation2/DigitalFootprintPHP/DigitalFootprint
C:/Users/velli/Downloads/ModelingSimulation2/DigitalFootprintPHP/DigitalFootprint
[UnityMemory] Configuration Parameters - Can be set up in boot.config
    "memorysetup-bucket-allocator-granularity=16"
    "memorysetup-bucket-allocator-bucket-count=8"
    "memorysetup-bucket-allocator-block-size=33554432"
    "memorysetup-bucket-allocator-block-count=8"
    "memorysetup-main-allocator-block-size=16777216"
    "memorysetup-thread-allocator-block-size=16777216"
    "memorysetup-gfx-main-allocator-block-size=16777216"
    "memorysetup-gfx-thread-allocator-block-size=16777216"
    "memorysetup-cache-allocator-block-size=4194304"
    "memorysetup-typetree-allocator-block-size=2097152"
    "memorysetup-profiler-bucket-allocator-granularity=16"
    "memorysetup-profiler-bucket-allocator-bucket-count=8"
    "memorysetup-profiler-bucket-allocator-block-size=33554432"
    "memorysetup-profiler-bucket-allocator-block-count=8"
    "memorysetup-profiler-allocator-block-size=16777216"
    "memorysetup-profiler-editor-allocator-block-size=1048576"
    "memorysetup-temp-allocator-size-main=16777216"
    "memorysetup-job-temp-allocator-block-size=2097152"
    "memorysetup-job-temp-allocator-block-size-background=1048576"
    "memorysetup-job-temp-allocator-reduction-small-platforms=262144"
    "memorysetup-allocator-temp-initial-block-size-main=262144"
    "memorysetup-allocator-temp-initial-block-size-worker=262144"
    "memorysetup-temp-allocator-size-background-worker=32768"
    "memorysetup-temp-allocator-size-job-worker=262144"
    "memorysetup-temp-allocator-size-preload-manager=33554432"
    "memorysetup-temp-allocator-size-nav-mesh-worker=65536"
    "memorysetup-temp-allocator-size-audio-worker=65536"
    "memorysetup-temp-allocator-size-cloud-worker=32768"
    "memorysetup-temp-allocator-size-gi-baking-worker=262144"
    "memorysetup-temp-allocator-size-gfx=262144"
Player connection [37712] Host "[IP] 172.30.125.74 [Port] 0 [Flags] 2 [Guid] 3867929120 [EditorId] 3867929120 [Version] 1048832 [Id] WindowsEditor(7,AllenWar) [Debug] 1 [PackageName] WindowsEditor [ProjectName] Editor" joined multi-casting on [225.0.0.222:54997]...

Player connection [37712] Host "[IP] 172.30.125.74 [Port] 0 [Flags] 2 [Guid] 3867929120 [EditorId] 3867929120 [Version] 1048832 [Id] WindowsEditor(7,AllenWar) [Debug] 1 [PackageName] WindowsEditor [ProjectName] Editor" joined alternative multi-casting on [225.0.0.222:34997]...

[Physics::Module] Initialized MultithreadedJobDispatcher with 19 workers.
Refreshing native plugins compatible for Editor in 51.00 ms, found 3 plugins.
Preloading 0 native plugins for Editor in 0.00 ms.
Initialize engine version: 2022.3.19f1 (244b723c30a6)
[Subsystems] Discovering subsystems at path C:/Program Files/Unity/Hub/Editor/2022.3.19f1/Editor/Data/Resources/UnitySubsystems
[Subsystems] Discovering subsystems at path C:/Users/velli/Downloads/ModelingSimulation2/DigitalFootprintPHP/DigitalFootprint/Assets
GfxDevice: creating device client; threaded=0; jobified=0
Direct3D:
    Version:  Direct3D 11.0 [level 11.1]
    Renderer: NVIDIA GeForce RTX 3060 Laptop GPU (ID=0x2560)
    Vendor:   NVIDIA
    VRAM:     5996 MB
    Driver:   32.0.15.5612
Initialize mono
Mono path[0] = 'C:/Program Files/Unity/Hub/Editor/2022.3.19f1/Editor/Data/Managed'
Mono path[1] = 'C:/Program Files/Unity/Hub/Editor/2022.3.19f1/Editor/Data/MonoBleedingEdge/lib/mono/unityjit-win32'
Mono config path = 'C:/Program Files/Unity/Hub/Editor/2022.3.19f1/Editor/Data/MonoBleedingEdge/etc'
Using monoOptions --debugger-agent=transport=dt_socket,embedding=1,server=y,suspend=n,address=127.0.0.1:56300
Begin MonoManager ReloadAssembly
Registering precompiled unity dll's ...
Register platform support module: C:/Program Files/Unity/Hub/Editor/2022.3.19f1/Editor/Data/PlaybackEngines/WebGLSupport/UnityEditor.WebGL.Extensions.dll
Register platform support module: C:/Program Files/Unity/Hub/Editor/2022.3.19f1/Editor/Data/PlaybackEngines/WindowsStandaloneSupport/UnityEditor.WindowsStandalone.Extensions.dll
Registered in 0.018685 seconds.
- Loaded All Assemblies, in  0.462 seconds
Native extension for WindowsStandalone target not found
Native extension for WebGL target not found
Mono: successfully reloaded assembly
- Finished resetting the current domain, in  0.226 seconds
Domain Reload Profiling: 686ms
	BeginReloadAssembly (214ms)
		ExecutionOrderSort (0ms)
		DisableScriptedObjects (0ms)
		BackupInstance (0ms)
		ReleaseScriptingObjects (0ms)
		CreateAndSetChildDomain (1ms)
	RebuildCommonClasses (33ms)
	RebuildNativeTypeToScriptingClass (8ms)
	initialDomainReloadingComplete (63ms)
	LoadAllAssembliesAndSetupDomain (142ms)
		LoadAssemblies (222ms)
		RebuildTransferFunctionScriptingTraits (0ms)
		AnalyzeDomain (130ms)
			TypeCache.Refresh (128ms)
				TypeCache.ScanAssembly (113ms)
			ScanForSourceGeneratedMonoScriptInfo (0ms)
			ResolveRequiredComponents (0ms)
	FinalizeReload (226ms)
		ReleaseScriptCaches (0ms)
		RebuildScriptCaches (0ms)
		SetupLoadedEditorAssemblies (176ms)
			LogAssemblyErrors (0ms)
			InitializePlatformSupportModulesInManaged (9ms)
			SetLoadedEditorAssemblies (5ms)
			RefreshPlugins (0ms)
			BeforeProcessingInitializeOnLoad (2ms)
			ProcessInitializeOnLoadAttributes (120ms)
			ProcessInitializeOnLoadMethodAttributes (41ms)
			AfterProcessingInitializeOnLoad (0ms)
			EditorAssembliesLoaded (0ms)
		ExecutionOrderSort2 (0ms)
		AwakeInstancesAfterBackupRestoration (0ms)
========================================================================
Worker process is ready to serve import requests
Begin MonoManager ReloadAssembly
- Loaded All Assemblies, in  0.893 seconds
Refreshing native plugins compatible for Editor in 26.23 ms, found 3 plugins.
Native extension for WindowsStandalone target not found
Native extension for WebGL target not found
Mono: successfully reloaded assembly
- Finished resetting the current domain, in  0.423 seconds
Domain Reload Profiling: 1314ms
	BeginReloadAssembly (295ms)
		ExecutionOrderSort (0ms)
		DisableScriptedObjects (5ms)
		BackupInstance (0ms)
		ReleaseScriptingObjects (0ms)
		CreateAndSetChildDomain (19ms)
	RebuildCommonClasses (29ms)
	RebuildNativeTypeToScriptingClass (7ms)
	initialDomainReloadingComplete (51ms)
	LoadAllAssembliesAndSetupDomain (507ms)
		LoadAssemblies (606ms)
		RebuildTransferFunctionScriptingTraits (0ms)
		AnalyzeDomain (143ms)
			TypeCache.Refresh (129ms)
				TypeCache.ScanAssembly (116ms)
			ScanForSourceGeneratedMonoScriptInfo (10ms)
			ResolveRequiredComponents (2ms)
	FinalizeReload (424ms)
		ReleaseScriptCaches (0ms)
		RebuildScriptCaches (0ms)
		SetupLoadedEditorAssemblies (321ms)
			LogAssemblyErrors (0ms)
			InitializePlatformSupportModulesInManaged (6ms)
			SetLoadedEditorAssemblies (2ms)
			RefreshPlugins (0ms)
			BeforeProcessingInitializeOnLoad (45ms)
			ProcessInitializeOnLoadAttributes (239ms)
			ProcessInitializeOnLoadMethodAttributes (21ms)
			AfterProcessingInitializeOnLoad (7ms)
			EditorAssembliesLoaded (0ms)
		ExecutionOrderSort2 (0ms)
		AwakeInstancesAfterBackupRestoration (5ms)
Launched and connected shader compiler UnityShaderCompiler.exe after 0.09 seconds
Refreshing native plugins compatible for Editor in 20.09 ms, found 3 plugins.
Preloading 0 native plugins for Editor in 0.00 ms.
Unloading 3124 Unused Serialized files (Serialized files now loaded: 0)
Unloading 30 unused Assets / (56.9 KB). Loaded Objects now: 3586.
Memory consumption went from 123.6 MB to 123.6 MB.
Total: 2.619100 ms (FindLiveObjects: 0.167500 ms CreateObjectMapping: 0.074700 ms MarkObjects: 2.283300 ms  DeleteObjects: 0.092500 ms)

AssetImportParameters requested are different than current active one (requested -> active):
  custom:container-demuxer-ogg: 62fdf1f143b41e24485cea50d1cbac27 -> 
  custom:video-codec-MediaFoundation-h265: 746d11721c4dcdbdad8f713fa42b33f4 -> 
  custom:video-decoder-ogg-theora: a1e56fd34408186e4bbccfd4996cb3dc -> 
  custom:framework-win-MediaFoundation: 216162199b28c13a410421893ffa2e32 -> 
  custom:CustomObjectIndexerAttribute: 6d391050e5a25f67b0a2c618074f2cd9 -> 
  custom:container-demuxer-webm: 4f35f7cbe854078d1ac9338744f61a02 -> 
  custom:container-muxer-webm: aa71ff27fc2769a1b78a27578f13a17b -> 
  custom:video-decoder-webm-vp8: 9c59270c3fd7afecdb556c50c9e8de78 -> 
  custom:SearchIndexIgnoredProperties: e643bd26f0fe6173181afceb89e7c659 -> 
  custom:AudioImporter_EditorPlatform: d09bf68614088b80899f8185d706f6e7 -> 
  custom:video-encoder-webm-vp8: eb34c28f22e8b96e1ab97ce403110664 -> 
  custom:audio-decoder-ogg-vorbis: bf7c407c2cedff20999df2af8eb42d56 -> 
  custom:audio-encoder-webm-vorbis: bf7c407c2cedff20999df2af8eb42d56 -> 
========================================================================
Received Import Request.
  Time since last request: 333865.681825 seconds.
  path: Assets/Pinky UI/Icon_White
  artifactKey: Guid(21791b2e23c658b4e924f2dbc360ecf0) Importer(815301076,1909f56bfc062723c751e8b465ee728b)
Start importing Assets/Pinky UI/Icon_White using Guid(21791b2e23c658b4e924f2dbc360ecf0) Importer(815301076,1909f56bfc062723c751e8b465ee728b)  -> (artifact id: 'c814500dd1377983fc5a56350a629528') in 0.003090 seconds
Number of updated asset objects reloaded before import = 0
Number of asset objects unloaded after import = 0
========================================================================
Received Import Request.
  Time since last request: 0.108975 seconds.
  path: Assets/Pinky UI/Icon_White/Icon_Arrow.png
  artifactKey: Guid(9ef725abdd8ee7543a0cef1ff4aec749) Importer(815301076,1909f56bfc062723c751e8b465ee728b)
Start importing Assets/Pinky UI/Icon_White/Icon_Arrow.png using Guid(9ef725abdd8ee7543a0cef1ff4aec749) Importer(815301076,1909f56bfc062723c751e8b465ee728b)  -> (artifact id: '9bb37193e309e6ffb9d6e7f435535a04') in 0.084906 seconds
Number of updated asset objects reloaded before import = 0
Number of asset objects unloaded after import = 3
========================================================================
Received Import Request.
  Time since last request: 0.000017 seconds.
  path: Assets/Pinky UI/Icon_White/Icon_Settings.png
  artifactKey: Guid(379f035139e19ac41aa52075a3ce75fe) Importer(815301076,1909f56bfc062723c751e8b465ee728b)
Start importing Assets/Pinky UI/Icon_White/Icon_Settings.png using Guid(379f035139e19ac41aa52075a3ce75fe) Importer(815301076,1909f56bfc062723c751e8b465ee728b)  -> (artifact id: '2286ba8e8397c6b63f8d54198f573ee3') in 0.024437 seconds
Number of updated asset objects reloaded before import = 0
Number of asset objects unloaded after import = 3
========================================================================
Received Import Request.
  Time since last request: 0.000020 seconds.
  path: Assets/Pinky UI/Icon_White/Icon_Question.png
  artifactKey: Guid(61860dade0859bc4382440ca7ec0bc3f) Importer(815301076,1909f56bfc062723c751e8b465ee728b)
Start importing Assets/Pinky UI/Icon_White/Icon_Question.png using Guid(61860dade0859bc4382440ca7ec0bc3f) Importer(815301076,1909f56bfc062723c751e8b465ee728b)  -> (artifact id: 'e5272463c8a3ea039eb21e210deeddaa') in 0.040955 seconds
Number of updated asset objects reloaded before import = 0
Number of asset objects unloaded after import = 3
========================================================================
Received Import Request.
  Time since last request: 0.000017 seconds.
  path: Assets/Pinky UI/Icon_White/Icon_Shop.png
  artifactKey: Guid(47df6dfd843da8e428be529b1d6743f6) Importer(815301076,1909f56bfc062723c751e8b465ee728b)
Start importing Assets/Pinky UI/Icon_White/Icon_Shop.png using Guid(47df6dfd843da8e428be529b1d6743f6) Importer(815301076,1909f56bfc062723c751e8b465ee728b)  -> (artifact id: '91108f442d3d5a463422d18d702da043') in 0.028176 seconds
Number of updated asset objects reloaded before import = 0
Number of asset objects unloaded after import = 3
========================================================================
Received Import Request.
  Time since last request: 0.000080 seconds.
  path: Assets/Pinky UI/Icon_White/Icon_Star.png
  artifactKey: Guid(bf77a2813dd1c7b44b9c2640ebdb961c) Importer(815301076,1909f56bfc062723c751e8b465ee728b)
Start importing Assets/Pinky UI/Icon_White/Icon_Star.png using Guid(bf77a2813dd1c7b44b9c2640ebdb961c) Importer(815301076,1909f56bfc062723c751e8b465ee728b)  -> (artifact id: 'f207feffe369f990326f4fad1a0ab7df') in 0.031424 seconds
Number of updated asset objects reloaded before import = 0
Number of asset objects unloaded after import = 3
========================================================================
Received Import Request.
  Time since last request: 3.857572 seconds.
  path: Assets/Pinky UI/Progress_Bar/Progress_Bar_Background_Pink.png
  artifactKey: Guid(8be2ced0c73326945864308cb74a39e4) Importer(815301076,1909f56bfc062723c751e8b465ee728b)
Start importing Assets/Pinky UI/Progress_Bar/Progress_Bar_Background_Pink.png using Guid(8be2ced0c73326945864308cb74a39e4) Importer(815301076,1909f56bfc062723c751e8b465ee728b)  -> (artifact id: '8b8f8f97d8ab7decf951c0d2dca1fd25') in 0.019271 seconds
Number of updated asset objects reloaded before import = 0
Number of asset objects unloaded after import = 3
========================================================================
Received Import Request.
  Time since last request: 2.799489 seconds.
  path: Assets/Pinky UI/Buttons/Oval_Rectangle/Button_Oval_Rectangle_Pink.png
  artifactKey: Guid(c7f2493f0628b064aa3d2bd3e460f88e) Importer(815301076,1909f56bfc062723c751e8b465ee728b)
Start importing Assets/Pinky UI/Buttons/Oval_Rectangle/Button_Oval_Rectangle_Pink.png using Guid(c7f2493f0628b064aa3d2bd3e460f88e) Importer(815301076,1909f56bfc062723c751e8b465ee728b)  -> (artifact id: 'cc732e3cbc03d13b910ffc935669ee0e') in 0.023056 seconds
Number of updated asset objects reloaded before import = 0
Number of asset objects unloaded after import = 3
========================================================================
Received Import Request.
  Time since last request: 1.629136 seconds.
  path: Assets/Pinky UI/Buttons/Round/Button_Round_Pink.png
  artifactKey: Guid(4e533b2797390a541a0912643de6bf05) Importer(815301076,1909f56bfc062723c751e8b465ee728b)
Start importing Assets/Pinky UI/Buttons/Round/Button_Round_Pink.png using Guid(4e533b2797390a541a0912643de6bf05) Importer(815301076,1909f56bfc062723c751e8b465ee728b)  -> (artifact id: '3450616ce38760dc5b7a153c2de34961') in 0.018983 seconds
Number of updated asset objects reloaded before import = 0
Number of asset objects unloaded after import = 3
========================================================================
Received Import Request.
  Time since last request: 2.423427 seconds.
  path: Assets/Pinky UI/Checkboxes/Checkbox_Round_Checkmark_Pink.png
  artifactKey: Guid(c2b1357c578f5d947a2f3b1b868492bb) Importer(815301076,1909f56bfc062723c751e8b465ee728b)
Start importing Assets/Pinky UI/Checkboxes/Checkbox_Round_Checkmark_Pink.png using Guid(c2b1357c578f5d947a2f3b1b868492bb) Importer(815301076,1909f56bfc062723c751e8b465ee728b)  -> (artifact id: '366f55d90068814ff5b56c375eab0a50') in 0.025281 seconds
Number of updated asset objects reloaded before import = 0
Number of asset objects unloaded after import = 3
========================================================================
Received Import Request.
  Time since last request: 7.230788 seconds.
  path: Assets/Pinky UI/Radio_Button/Radio_Button_Empty_Pink.png
  artifactKey: Guid(24aa7ffb40ebcb14c9f82be0f90512c1) Importer(815301076,1909f56bfc062723c751e8b465ee728b)
Start importing Assets/Pinky UI/Radio_Button/Radio_Button_Empty_Pink.png using Guid(24aa7ffb40ebcb14c9f82be0f90512c1) Importer(815301076,1909f56bfc062723c751e8b465ee728b)  -> (artifact id: 'c8a1a7125c146e853eeb27894619560b') in 0.025927 seconds
Number of updated asset objects reloaded before import = 0
Number of asset objects unloaded after import = 3
========================================================================
Received Import Request.
  Time since last request: 210.592165 seconds.
  path: Assets
  artifactKey: Guid(00000000000000001000000000000000) Importer(815301076,1909f56bfc062723c751e8b465ee728b)
Start importing Assets using Guid(00000000000000001000000000000000) Importer(815301076,1909f56bfc062723c751e8b465ee728b)  -> (artifact id: '8a4fe85251aa2e89732c359432baa2c3') in 0.000551 seconds
Number of updated asset objects reloaded before import = 0
Number of asset objects unloaded after import = 0
========================================================================
Received Import Request.
  Time since last request: 4.093775 seconds.
  path: Assets/Fonts
  artifactKey: Guid(f31dd62ff9a19a641be72183d9118b04) Importer(815301076,1909f56bfc062723c751e8b465ee728b)
Start importing Assets/Fonts using Guid(f31dd62ff9a19a641be72183d9118b04) Importer(815301076,1909f56bfc062723c751e8b465ee728b)  -> (artifact id: '31206335e1f5fa5f99f5d22160661c05') in 0.000462 seconds
Number of updated asset objects reloaded before import = 0
Number of asset objects unloaded after import = 0
========================================================================
Received Import Request.
  Time since last request: 16.479401 seconds.
  path: Assets/Fonts/Game Bubble.otf
  artifactKey: Guid(fad239714096d604b93041d49e12c3b7) Importer(815301076,1909f56bfc062723c751e8b465ee728b)
Start importing Assets/Fonts/Game Bubble.otf using Guid(fad239714096d604b93041d49e12c3b7) Importer(815301076,1909f56bfc062723c751e8b465ee728b)  -> (artifact id: '4ae6c105e7d830e0fa699bf426ff22a7') in 0.052453 seconds
Number of updated asset objects reloaded before import = 0
Number of asset objects unloaded after import = 4
========================================================================
Received Prepare
Begin MonoManager ReloadAssembly
- Loaded All Assemblies, in  0.596 seconds
Refreshing native plugins compatible for Editor in 15.63 ms, found 3 plugins.
Native extension for WindowsStandalone target not found
Native extension for WebGL target not found
Mono: successfully reloaded assembly
- Finished resetting the current domain, in  2.125 seconds
Domain Reload Profiling: 2717ms
	BeginReloadAssembly (200ms)
		ExecutionOrderSort (0ms)
		DisableScriptedObjects (3ms)
		BackupInstance (0ms)
		ReleaseScriptingObjects (0ms)
		CreateAndSetChildDomain (29ms)
	RebuildCommonClasses (34ms)
	RebuildNativeTypeToScriptingClass (8ms)
	initialDomainReloadingComplete (38ms)
	LoadAllAssembliesAndSetupDomain (311ms)
		LoadAssemblies (433ms)
		RebuildTransferFunctionScriptingTraits (0ms)
		AnalyzeDomain (12ms)
			TypeCache.Refresh (6ms)
				TypeCache.ScanAssembly (0ms)
			ScanForSourceGeneratedMonoScriptInfo (0ms)
			ResolveRequiredComponents (3ms)
	FinalizeReload (2125ms)
		ReleaseScriptCaches (0ms)
		RebuildScriptCaches (0ms)
		SetupLoadedEditorAssemblies (332ms)
			LogAssemblyErrors (0ms)
			InitializePlatformSupportModulesInManaged (8ms)
			SetLoadedEditorAssemblies (3ms)
			RefreshPlugins (0ms)
			BeforeProcessingInitializeOnLoad (49ms)
			ProcessInitializeOnLoadAttributes (246ms)
			ProcessInitializeOnLoadMethodAttributes (19ms)
			AfterProcessingInitializeOnLoad (8ms)
			EditorAssembliesLoaded (0ms)
		ExecutionOrderSort2 (0ms)
		AwakeInstancesAfterBackupRestoration (6ms)
Refreshing native plugins compatible for Editor in 15.58 ms, found 3 plugins.
Preloading 0 native plugins for Editor in 0.00 ms.
Unloading 3116 Unused Serialized files (Serialized files now loaded: 0)
Unloading 21 unused Assets / (31.1 KB). Loaded Objects now: 3640.
Memory consumption went from 129.2 MB to 129.2 MB.
Total: 2.895900 ms (FindLiveObjects: 0.361600 ms CreateObjectMapping: 0.128800 ms MarkObjects: 2.352700 ms  DeleteObjects: 0.051000 ms)

Prepare: number of updated asset objects reloaded= 0
AssetImportParameters requested are different than current active one (requested -> active):
  custom:container-demuxer-ogg: 62fdf1f143b41e24485cea50d1cbac27 -> 
  custom:video-codec-MediaFoundation-h265: 746d11721c4dcdbdad8f713fa42b33f4 -> 
  custom:video-decoder-ogg-theora: a1e56fd34408186e4bbccfd4996cb3dc -> 
  custom:framework-win-MediaFoundation: 216162199b28c13a410421893ffa2e32 -> 
  custom:CustomObjectIndexerAttribute: 6d391050e5a25f67b0a2c618074f2cd9 -> 
  custom:container-demuxer-webm: 4f35f7cbe854078d1ac9338744f61a02 -> 
  custom:container-muxer-webm: aa71ff27fc2769a1b78a27578f13a17b -> 
  custom:video-decoder-webm-vp8: 9c59270c3fd7afecdb556c50c9e8de78 -> 
  custom:SearchIndexIgnoredProperties: e643bd26f0fe6173181afceb89e7c659 -> 
  custom:AudioImporter_EditorPlatform: d09bf68614088b80899f8185d706f6e7 -> 
  custom:video-encoder-webm-vp8: eb34c28f22e8b96e1ab97ce403110664 -> 
  custom:audio-decoder-ogg-vorbis: bf7c407c2cedff20999df2af8eb42d56 -> 
  custom:audio-encoder-webm-vorbis: bf7c407c2cedff20999df2af8eb42d56 -> 
